<?xml version="1.0" encoding="UTF-8"?>
<!-- Generated by org.testng.reporters.JUnitXMLReporter -->
<testsuite hostname="STRL502193" ignored="1" name="Default test" tests="6" failures="0" timestamp="08 Dec 2021 02:39:45 GMT" time="0.036" errors="0">
  <testcase name="convertToBoolean" time="0.011" classname="io.github.kwbhatti.dataConversionTests.ConvertString"/>
  <testcase name="convertToDouble" time="0.001" classname="io.github.kwbhatti.dataConversionTests.ConvertString"/>
  <testcase name="convertToFloat" time="0.001" classname="io.github.kwbhatti.dataConversionTests.ConvertString"/>
  <testcase name="convertToInteger" time="0.001" classname="io.github.kwbhatti.dataConversionTests.ConvertString"/>
  <testcase name="convertToLong" time="0.001" classname="io.github.kwbhatti.dataConversionTests.ConvertString"/>
  <testcase name="convertToShort" time="0.001" classname="io.github.kwbhatti.dataConversionTests.ConvertString"/>
  <testcase name="convertToString" time="0.0" classname="io.github.kwbhatti.dataConversionTests.ConvertString">
    <ignored/>
  </testcase> <!-- convertToString -->
</testsuite> <!-- Default test -->
