<?xml version="1.0" encoding="UTF-8"?>
<testng-results skipped="0" failed="0" ignored="1" total="7" passed="6">
  <reporter-output>
  </reporter-output>
  <suite name="Default suite" duration-ms="36" started-at="2021-12-08T02:39:45Z" finished-at="2021-12-08T02:39:45Z">
    <groups>
    </groups>
    <test name="Default test" duration-ms="36" started-at="2021-12-08T02:39:45Z" finished-at="2021-12-08T02:39:45Z">
      <class name="io.github.kwbhatti.dataConversionTests.ConvertString">
        <test-method status="PASS" signature="convertToBoolean()[pri:0, instance:io.github.kwbhatti.dataConversionTests.ConvertString@6d8a00e3]" name="convertToBoolean" duration-ms="11" started-at="2021-12-08T02:39:45Z" finished-at="2021-12-08T02:39:45Z">
          <reporter-output>
          </reporter-output>
        </test-method> <!-- convertToBoolean -->
        <test-method status="PASS" signature="convertToDouble()[pri:0, instance:io.github.kwbhatti.dataConversionTests.ConvertString@6d8a00e3]" name="convertToDouble" duration-ms="1" started-at="2021-12-08T02:39:45Z" finished-at="2021-12-08T02:39:45Z">
          <reporter-output>
          </reporter-output>
        </test-method> <!-- convertToDouble -->
        <test-method status="PASS" signature="convertToFloat()[pri:0, instance:io.github.kwbhatti.dataConversionTests.ConvertString@6d8a00e3]" name="convertToFloat" duration-ms="1" started-at="2021-12-08T02:39:45Z" finished-at="2021-12-08T02:39:45Z">
          <reporter-output>
          </reporter-output>
        </test-method> <!-- convertToFloat -->
        <test-method status="PASS" signature="convertToInteger()[pri:0, instance:io.github.kwbhatti.dataConversionTests.ConvertString@6d8a00e3]" name="convertToInteger" duration-ms="1" started-at="2021-12-08T02:39:45Z" finished-at="2021-12-08T02:39:45Z">
          <reporter-output>
          </reporter-output>
        </test-method> <!-- convertToInteger -->
        <test-method status="PASS" signature="convertToLong()[pri:0, instance:io.github.kwbhatti.dataConversionTests.ConvertString@6d8a00e3]" name="convertToLong" duration-ms="1" started-at="2021-12-08T02:39:45Z" finished-at="2021-12-08T02:39:45Z">
          <reporter-output>
          </reporter-output>
        </test-method> <!-- convertToLong -->
        <test-method status="PASS" signature="convertToShort()[pri:0, instance:io.github.kwbhatti.dataConversionTests.ConvertString@6d8a00e3]" name="convertToShort" duration-ms="1" started-at="2021-12-08T02:39:45Z" finished-at="2021-12-08T02:39:45Z">
          <reporter-output>
          </reporter-output>
        </test-method> <!-- convertToShort -->
      </class> <!-- io.github.kwbhatti.dataConversionTests.ConvertString -->
    </test> <!-- Default test -->
  </suite> <!-- Default suite -->
</testng-results>
